<?xml version="1.0" encoding="UTF-8"?>
<!-- Generated by org.testng.reporters.JUnitXMLReporter -->
<testsuite ignored="0" hostname="DESKTOP-CAKIMAL" failures="0" tests="6" name="Test Runner 2" time="0.052" errors="0" timestamp="2024-08-31T20:46:07 IST">
  <testcase classname="DistributedParallel.Test5" name="Demo1" time="0.006"/>
  <testcase classname="DistributedParallel.Test5" name="Demo2" time="0.001"/>
  <testcase classname="DistributedParallel.Test4" name="Demo1" time="0.001"/>
  <testcase classname="DistributedParallel.Test4" name="Demo2" time="0.001"/>
  <testcase classname="DistributedParallel.Test6" name="Demo1" time="0.001"/>
  <testcase classname="DistributedParallel.Test6" name="Demo2" time="0.002"/>
</testsuite> <!-- Test Runner 2 -->
