<?xml version="1.0" encoding="UTF-8"?>
<!-- Generated by org.testng.reporters.JUnitXMLReporter -->
<testsuite ignored="1" hostname="DESKTOP-CAKIMAL" failures="1" tests="14" name="Test" time="176.299" errors="0" timestamp="2024-08-28T16:06:30 IST">
  <testcase classname="TestNG.InvocationCount" name="Demo1" time="0.005"/>
  <testcase classname="TestNG.InvocationCount" name="Demo1" time="0.001"/>
  <testcase classname="TestNG.InvocationCount" name="Demo3" time="0.001"/>
  <testcase classname="TestNG.PriorityTests" name="Demo4" time="0.001"/>
  <testcase classname="TestNG.PriorityTests" name="Demo5" time="0.001"/>
  <testcase classname="TestNG.PriorityTests" name="Demo3" time="0.001"/>
  <testcase classname="TestNG.PriorityTests" name="Demo6" time="0.001"/>
  <testcase classname="TestNG.PriorityTests" name="Demo1" time="0.0"/>
  <testcase classname="TestNG.PriorityTests" name="Demo2" time="0.001"/>
  <testcase classname="TestNG.EnabledFlag" name="Demo3" time="0.001"/>
  <testcase classname="TestNG.skillraryFlags" name="navigateToApp" time="143.093"/>
  <testcase classname="TestNG.skillraryFlags" name="loginToApp" time="24.018"/>
  <testcase classname="TestNG.DependsOnMethodsFlag" name="navigateToApp" time="9.11">
    <failure type="java.lang.AssertionError" message="null">
      <![CDATA[java.lang.AssertionError: null
at TestNG.DependsOnMethodsFlag.navigateToApp(DependsOnMethodsFlag.java:21)
at java.base/java.util.ArrayList.forEach(ArrayList.java:1511)
... Removed 29 stack frames]]>
    </failure>
  </testcase> <!-- navigateToApp -->
  <testcase classname="TestNG.DependsOnMethodsFlag" name="logintoApp" time="0.0">
    <skipped/>
  </testcase> <!-- logintoApp -->
  <testcase classname="TestNG.EnabledFlag" name="Demo2" time="0.0">
    <ignored/>
  </testcase> <!-- Demo2 -->
</testsuite> <!-- Test -->
